<?xml version="1.0" encoding="UTF-8"?>
<!-- Generated by org.testng.reporters.JUnitReportReporter -->
<testsuite hostname="DESKTOP-HMQSJ96" failures="0" tests="1" name="runners.runnerclass" time="52.739" errors="0" timestamp="2023-10-16T17:14:11 IST" skipped="0">
  <testcase classname="runners.runnerclass" name="runScenario" time="52.739"/>
  <system-out/>
</testsuite> <!-- runners.runnerclass -->
